1528584630654	geckodriver	INFO	geckodriver 0.20.0
1528584630685	geckodriver	INFO	Listening on 127.0.0.1:47693
1528584631925	mozrunner::runner	INFO	Running command: "/usr/bin/firefox" "-marionette" "-profile" "/tmp/rust_mozprofile.7OPm96gBw0SY"
1528584640636	Marionette	INFO	Listening on port 35101
1528584640717	Marionette	WARN	TLS certificate errors will be ignored for this session
JavaScript error: https://sjrtp3-cdn.marketo.com/rtp-api/v1/rtp.js?aid=ubuntu1, line 4: ReferenceError: jQuery is not defined
1528584940854	geckodriver	INFO	geckodriver 0.20.0
1528584940872	geckodriver	INFO	Listening on 127.0.0.1:57763
1528584942292	mozrunner::runner	INFO	Running command: "/usr/bin/firefox" "-marionette" "-profile" "/tmp/rust_mozprofile.sg8OUuWBljFC"
1528584950780	Marionette	INFO	Listening on port 36799
1528584950902	Marionette	WARN	TLS certificate errors will be ignored for this session
1528585166157	geckodriver	INFO	geckodriver 0.20.0
1528585166173	geckodriver	INFO	Listening on 127.0.0.1:41495
1528585167923	mozrunner::runner	INFO	Running command: "/usr/bin/firefox" "-marionette" "-profile" "/tmp/rust_mozprofile.o06eheybnGHF"
1528585178340	Marionette	INFO	Listening on port 42847
1528585178411	Marionette	WARN	TLS certificate errors will be ignored for this session
1528585330731	geckodriver	INFO	geckodriver 0.20.0
1528585330743	geckodriver	INFO	Listening on 127.0.0.1:56827
1528585332416	mozrunner::runner	INFO	Running command: "/usr/bin/firefox" "-marionette" "-profile" "/tmp/rust_mozprofile.UM14ux1UgDOg"
1528585341040	Marionette	INFO	Listening on port 37173
1528585341121	Marionette	WARN	TLS certificate errors will be ignored for this session
1528585622508	geckodriver	INFO	geckodriver 0.20.0
1528585622531	geckodriver	INFO	Listening on 127.0.0.1:32951
1528585623798	mozrunner::runner	INFO	Running command: "/usr/bin/firefox" "-marionette" "-profile" "/tmp/rust_mozprofile.ZLpVM5Jr0Qqr"
1528585636724	Marionette	INFO	Listening on port 41147
1528585636842	Marionette	WARN	TLS certificate errors will be ignored for this session
1528586915976	geckodriver	INFO	geckodriver 0.20.0
1528586916041	geckodriver	INFO	Listening on 127.0.0.1:37887
1528586919140	mozrunner::runner	INFO	Running command: "/usr/bin/firefox" "-marionette" "-profile" "/tmp/rust_mozprofile.12EKrkVv1rLR"
1528586935284	Marionette	INFO	Listening on port 46843
1528586935383	Marionette	WARN	TLS certificate errors will be ignored for this session
JavaScript warning: https://code.jquery.com/jquery-1.10.2.min.js, line 1: Using //@ to indicate sourceMappingURL pragmas is deprecated. Use //# instead
JavaScript warning: https://code.jquery.com/jquery-1.10.2.min.js, line 1: Using //@ to indicate sourceMappingURL pragmas is deprecated. Use //# instead
JavaScript warning: https://code.jquery.com/jquery-1.10.2.min.js, line 1: Using //@ to indicate sourceMappingURL pragmas is deprecated. Use //# instead
JavaScript warning: https://code.jquery.com/jquery-1.10.2.min.js, line 1: Using //@ to indicate sourceMappingURL pragmas is deprecated. Use //# instead
1528605827934	geckodriver	INFO	geckodriver 0.20.0
1528605827988	geckodriver	INFO	Listening on 127.0.0.1:51763
1528605830144	mozrunner::runner	INFO	Running command: "/usr/bin/firefox" "-marionette" "-profile" "/tmp/rust_mozprofile.uE6cVXVYwMug"
1528605839406	Marionette	INFO	Listening on port 40681
1528605839515	Marionette	WARN	TLS certificate errors will be ignored for this session
JavaScript warning: https://code.jquery.com/jquery-1.10.2.min.js, line 1: Using //@ to indicate sourceMappingURL pragmas is deprecated. Use //# instead
JavaScript warning: https://code.jquery.com/jquery-1.10.2.min.js, line 1: Using //@ to indicate sourceMappingURL pragmas is deprecated. Use //# instead
1528605928238	geckodriver	INFO	geckodriver 0.20.0
1528605928256	geckodriver	INFO	Listening on 127.0.0.1:32775
1528605929825	mozrunner::runner	INFO	Running command: "/usr/bin/firefox" "-marionette" "-profile" "/tmp/rust_mozprofile.yhyVKxOBKc6u"
1528605938119	Marionette	INFO	Listening on port 45211
1528605938281	Marionette	WARN	TLS certificate errors will be ignored for this session
JavaScript warning: https://code.jquery.com/jquery-1.10.2.min.js, line 1: Using //@ to indicate sourceMappingURL pragmas is deprecated. Use //# instead
JavaScript warning: https://code.jquery.com/jquery-1.10.2.min.js, line 1: Using //@ to indicate sourceMappingURL pragmas is deprecated. Use //# instead
1528605972146	geckodriver	INFO	geckodriver 0.20.0
1528605972175	geckodriver	INFO	Listening on 127.0.0.1:37077
1528605974147	mozrunner::runner	INFO	Running command: "/usr/bin/firefox" "-marionette" "-profile" "/tmp/rust_mozprofile.JvvpxEnoLYZr"
JavaScript warning: https://code.jquery.com/jquery-1.10.2.min.js, line 1: Using //@ to indicate sourceMappingURL pragmas is deprecated. Use //# instead
1528606001740	Marionette	INFO	Listening on port 36673
1528606001888	Marionette	WARN	TLS certificate errors will be ignored for this session
JavaScript warning: https://code.jquery.com/jquery-1.10.2.min.js, line 1: Using //@ to indicate sourceMappingURL pragmas is deprecated. Use //# instead
JavaScript warning: https://code.jquery.com/jquery-1.10.2.min.js, line 1: Using //@ to indicate sourceMappingURL pragmas is deprecated. Use //# instead
1528606290819	geckodriver	INFO	geckodriver 0.20.0
1528606290859	geckodriver	INFO	Listening on 127.0.0.1:42655
1528606292918	mozrunner::runner	INFO	Running command: "/usr/bin/firefox" "-marionette" "-profile" "/tmp/rust_mozprofile.mPOSXj9QifHc"
1528606302996	Marionette	INFO	Listening on port 45879
1528606303104	Marionette	WARN	TLS certificate errors will be ignored for this session
JavaScript warning: https://code.jquery.com/jquery-1.10.2.min.js, line 1: Using //@ to indicate sourceMappingURL pragmas is deprecated. Use //# instead
1528606391096	geckodriver	INFO	geckodriver 0.20.0
1528606391112	geckodriver	INFO	Listening on 127.0.0.1:38065
1528606391574	mozrunner::runner	INFO	Running command: "/usr/bin/firefox" "-marionette" "-profile" "/tmp/rust_mozprofile.JPIpTqsbhWpJ"
1528606395929	Marionette	INFO	Listening on port 38559
1528606396014	Marionette	WARN	TLS certificate errors will be ignored for this session
JavaScript warning: https://code.jquery.com/jquery-1.10.2.min.js, line 1: Using //@ to indicate sourceMappingURL pragmas is deprecated. Use //# instead
1528606654362	geckodriver	INFO	geckodriver 0.20.0
1528606654377	geckodriver	INFO	Listening on 127.0.0.1:35389
1528606656021	mozrunner::runner	INFO	Running command: "/usr/bin/firefox" "-marionette" "-profile" "/tmp/rust_mozprofile.aHNBcBX6OA36"
1528606661451	Marionette	INFO	Listening on port 35233
1528606661579	Marionette	WARN	TLS certificate errors will be ignored for this session
JavaScript warning: https://code.jquery.com/jquery-1.10.2.min.js, line 1: Using //@ to indicate sourceMappingURL pragmas is deprecated. Use //# instead
1528606712928	geckodriver	INFO	geckodriver 0.20.0
1528606712939	geckodriver	INFO	Listening on 127.0.0.1:46493
1528606715174	mozrunner::runner	INFO	Running command: "/usr/bin/firefox" "-marionette" "-profile" "/tmp/rust_mozprofile.r2jxn3vajydM"
1528606728551	Marionette	INFO	Listening on port 37821
1528606728658	Marionette	WARN	TLS certificate errors will be ignored for this session
JavaScript warning: https://code.jquery.com/jquery-1.10.2.min.js, line 1: Using //@ to indicate sourceMappingURL pragmas is deprecated. Use //# instead
*** UTM:SVC TimerManager:registerTimer called after profile-before-change notification. Ignoring timer registration for id: telemetry_modules_ping
1528607017890	geckodriver	INFO	geckodriver 0.20.0
1528607017918	geckodriver	INFO	Listening on 127.0.0.1:34573
1528607020091	mozrunner::runner	INFO	Running command: "/usr/bin/firefox" "-marionette" "-profile" "/tmp/rust_mozprofile.HekOEXsnDApe"
1528607029943	Marionette	INFO	Listening on port 46019
1528607029992	Marionette	WARN	TLS certificate errors will be ignored for this session
JavaScript warning: https://code.jquery.com/jquery-1.10.2.min.js, line 1: Using //@ to indicate sourceMappingURL pragmas is deprecated. Use //# instead
1528607160419	geckodriver	INFO	geckodriver 0.20.0
1528607160431	geckodriver	INFO	Listening on 127.0.0.1:33567
1528607160657	mozrunner::runner	INFO	Running command: "/usr/bin/firefox" "-marionette" "-profile" "/tmp/rust_mozprofile.R8dJ5kUr8x4j"
1528607165233	Marionette	INFO	Listening on port 38927
1528607165332	Marionette	WARN	TLS certificate errors will be ignored for this session
JavaScript warning: https://code.jquery.com/jquery-1.10.2.min.js, line 1: Using //@ to indicate sourceMappingURL pragmas is deprecated. Use //# instead
1528607215591	geckodriver	INFO	geckodriver 0.20.0
1528607215607	geckodriver	INFO	Listening on 127.0.0.1:50667
1528607216447	mozrunner::runner	INFO	Running command: "/usr/bin/firefox" "-marionette" "-profile" "/tmp/rust_mozprofile.jdaay7awygro"
1528607221402	Marionette	INFO	Listening on port 33671
1528607221427	Marionette	WARN	TLS certificate errors will be ignored for this session
JavaScript warning: https://code.jquery.com/jquery-1.10.2.min.js, line 1: Using //@ to indicate sourceMappingURL pragmas is deprecated. Use //# instead
1528607261018	geckodriver	INFO	geckodriver 0.20.0
1528607261035	geckodriver	INFO	Listening on 127.0.0.1:47975
1528607261221	mozrunner::runner	INFO	Running command: "/usr/bin/firefox" "-marionette" "-profile" "/tmp/rust_mozprofile.kiCVf6GUoZEv"
1528607267389	Marionette	INFO	Listening on port 46691
1528607267499	Marionette	WARN	TLS certificate errors will be ignored for this session
JavaScript warning: https://code.jquery.com/jquery-1.10.2.min.js, line 1: Using //@ to indicate sourceMappingURL pragmas is deprecated. Use //# instead
*** UTM:SVC TimerManager:registerTimer called after profile-before-change notification. Ignoring timer registration for id: telemetry_modules_ping
1528607300763	geckodriver	INFO	geckodriver 0.20.0
1528607300821	geckodriver	INFO	Listening on 127.0.0.1:41965
1528607302057	mozrunner::runner	INFO	Running command: "/usr/bin/firefox" "-marionette" "-profile" "/tmp/rust_mozprofile.QqEmCRWl3CTA"
1528607310524	Marionette	INFO	Listening on port 35803
1528607310619	Marionette	WARN	TLS certificate errors will be ignored for this session
JavaScript warning: https://code.jquery.com/jquery-1.10.2.min.js, line 1: Using //@ to indicate sourceMappingURL pragmas is deprecated. Use //# instead
1528607745758	geckodriver	INFO	geckodriver 0.20.0
1528607745774	geckodriver	INFO	Listening on 127.0.0.1:44095
1528607746085	mozrunner::runner	INFO	Running command: "/usr/bin/firefox" "-marionette" "-profile" "/tmp/rust_mozprofile.6rhkvvOrqRaY"
1528607750743	Marionette	INFO	Listening on port 43931
1528607750845	Marionette	WARN	TLS certificate errors will be ignored for this session
1528607798998	geckodriver	INFO	geckodriver 0.20.0
1528607799009	geckodriver	INFO	Listening on 127.0.0.1:34667
1528607800109	mozrunner::runner	INFO	Running command: "/usr/bin/firefox" "-marionette" "-profile" "/tmp/rust_mozprofile.kjAjLwnP80Wt"
1528607804970	Marionette	INFO	Listening on port 36175
1528607805067	Marionette	WARN	TLS certificate errors will be ignored for this session
JavaScript warning: https://code.jquery.com/jquery-1.10.2.min.js, line 1: Using //@ to indicate sourceMappingURL pragmas is deprecated. Use //# instead
*** UTM:SVC TimerManager:registerTimer called after profile-before-change notification. Ignoring timer registration for id: telemetry_modules_ping
1528668381741	geckodriver	INFO	geckodriver 0.20.0
1528668381754	geckodriver	INFO	Listening on 127.0.0.1:34663
1528668381825	mozrunner::runner	INFO	Running command: "/usr/bin/firefox" "-marionette" "-profile" "/tmp/rust_mozprofile.Ch3iynXgXz9Z"
1528668394449	Marionette	INFO	Listening on port 42957
1528668394517	Marionette	WARN	TLS certificate errors will be ignored for this session
*** UTM:SVC TimerManager:registerTimer called after profile-before-change notification. Ignoring timer registration for id: telemetry_modules_ping
1528670123528	geckodriver	INFO	geckodriver 0.20.0
1528670123541	geckodriver	INFO	Listening on 127.0.0.1:50601
1528670124616	mozrunner::runner	INFO	Running command: "/usr/bin/firefox" "-marionette" "-profile" "/tmp/rust_mozprofile.qFAzL1ps5rl1"
1528670136470	Marionette	INFO	Listening on port 40135
1528670136573	Marionette	WARN	TLS certificate errors will be ignored for this session
1528670139217	addons.xpi	WARN	Exception running bootstrap method shutdown on activity-stream@mozilla.org: [Exception... "Component returned failure code: 0x80004005 (NS_ERROR_FAILURE) [nsIObserverService.removeObserver]"  nsresult: "0x80004005 (NS_ERROR_FAILURE)"  location: "JS frame :: resource://activity-stream/lib/SnippetsFeed.jsm :: uninit :: line 185"  data: no] Stack trace: uninit()@resource://activity-stream/lib/SnippetsFeed.jsm:185
onAction()@resource://activity-stream/lib/SnippetsFeed.jsm:201
_middleware/</<()@resource://activity-stream/lib/Store.jsm:49
Store/this[method]()@resource://activity-stream/lib/Store.jsm:28
uninit()@resource://activity-stream/lib/Store.jsm:151
uninit()@resource://activity-stream/lib/ActivityStream.jsm:300
uninit()@resource://gre/modules/addons/XPIProvider.jsm -> jar:file:///usr/lib/firefox/browser/features/activity-stream@mozilla.org.xpi!/bootstrap.js:73
shutdown()@resource://gre/modules/addons/XPIProvider.jsm -> jar:file:///usr/lib/firefox/browser/features/activity-stream@mozilla.org.xpi!/bootstrap.js:169
callBootstrapMethod()@resource://gre/modules/addons/XPIProvider.jsm:4436
observe()@resource://gre/modules/addons/XPIProvider.jsm:2287
GeckoDriver.prototype.quit()@driver.js:3300
despatch()@server.js:293
execute()@server.js:267
onPacket/<()@server.js:242
onPacket()@server.js:241
_onJSONObjectReady/<()@transport.js:500
console.error: (new Error("Connection closed before committing the transaction.", "resource://gre/modules/Sqlite.jsm", 614))
*** UTM:SVC TimerManager:registerTimer called after profile-before-change notification. Ignoring timer registration for id: telemetry_modules_ping
1528670141532	geckodriver::marionette	ERROR	Failed to stop browser process
1528670319015	geckodriver	INFO	geckodriver 0.20.0
1528670319029	geckodriver	INFO	Listening on 127.0.0.1:36721
1528670320029	mozrunner::runner	INFO	Running command: "/usr/bin/firefox" "-marionette" "-profile" "/tmp/rust_mozprofile.ZhQ7qENy7Afj"
1528670330670	Marionette	INFO	Listening on port 42971
1528670330730	Marionette	WARN	TLS certificate errors will be ignored for this session
1528670333032	addons.xpi	WARN	Exception running bootstrap method shutdown on activity-stream@mozilla.org: [Exception... "Component returned failure code: 0x80004005 (NS_ERROR_FAILURE) [nsIObserverService.removeObserver]"  nsresult: "0x80004005 (NS_ERROR_FAILURE)"  location: "JS frame :: resource://activity-stream/lib/SnippetsFeed.jsm :: uninit :: line 185"  data: no] Stack trace: uninit()@resource://activity-stream/lib/SnippetsFeed.jsm:185
onAction()@resource://activity-stream/lib/SnippetsFeed.jsm:201
_middleware/</<()@resource://activity-stream/lib/Store.jsm:49
Store/this[method]()@resource://activity-stream/lib/Store.jsm:28
uninit()@resource://activity-stream/lib/Store.jsm:151
uninit()@resource://activity-stream/lib/ActivityStream.jsm:300
uninit()@resource://gre/modules/addons/XPIProvider.jsm -> jar:file:///usr/lib/firefox/browser/features/activity-stream@mozilla.org.xpi!/bootstrap.js:73
shutdown()@resource://gre/modules/addons/XPIProvider.jsm -> jar:file:///usr/lib/firefox/browser/features/activity-stream@mozilla.org.xpi!/bootstrap.js:169
callBootstrapMethod()@resource://gre/modules/addons/XPIProvider.jsm:4436
observe()@resource://gre/modules/addons/XPIProvider.jsm:2287
GeckoDriver.prototype.quit()@driver.js:3300
despatch()@server.js:293
execute()@server.js:267
onPacket/<()@server.js:242
onPacket()@server.js:241
_onJSONObjectReady/<()@transport.js:500
*** UTM:SVC TimerManager:registerTimer called after profile-before-change notification. Ignoring timer registration for id: telemetry_modules_ping
1528670335754	geckodriver::marionette	ERROR	Failed to stop browser process
1528670573057	geckodriver	INFO	geckodriver 0.20.0
1528670573067	geckodriver	INFO	Listening on 127.0.0.1:48303
1528670574071	mozrunner::runner	INFO	Running command: "/usr/bin/firefox" "-marionette" "-profile" "/tmp/rust_mozprofile.c6olpfUrUSnQ"
1528670583155	Marionette	INFO	Listening on port 39941
1528670583237	Marionette	WARN	TLS certificate errors will be ignored for this session
1528670584150	addons.xpi	WARN	Exception running bootstrap method shutdown on activity-stream@mozilla.org: [Exception... "Component returned failure code: 0x80004005 (NS_ERROR_FAILURE) [nsIObserverService.removeObserver]"  nsresult: "0x80004005 (NS_ERROR_FAILURE)"  location: "JS frame :: resource://activity-stream/lib/SnippetsFeed.jsm :: uninit :: line 185"  data: no] Stack trace: uninit()@resource://activity-stream/lib/SnippetsFeed.jsm:185
onAction()@resource://activity-stream/lib/SnippetsFeed.jsm:201
_middleware/</<()@resource://activity-stream/lib/Store.jsm:49
Store/this[method]()@resource://activity-stream/lib/Store.jsm:28
uninit()@resource://activity-stream/lib/Store.jsm:151
uninit()@resource://activity-stream/lib/ActivityStream.jsm:300
uninit()@resource://gre/modules/addons/XPIProvider.jsm -> jar:file:///usr/lib/firefox/browser/features/activity-stream@mozilla.org.xpi!/bootstrap.js:73
shutdown()@resource://gre/modules/addons/XPIProvider.jsm -> jar:file:///usr/lib/firefox/browser/features/activity-stream@mozilla.org.xpi!/bootstrap.js:169
callBootstrapMethod()@resource://gre/modules/addons/XPIProvider.jsm:4436
observe()@resource://gre/modules/addons/XPIProvider.jsm:2287
GeckoDriver.prototype.quit()@driver.js:3300
despatch()@server.js:293
execute()@server.js:267
onPacket/<()@server.js:242
onPacket()@server.js:241
_onJSONObjectReady/<()@transport.js:500
console.error: PushService: 
  clearOriginData: Error clearing origin data:
  UnknownError
console.error: PushService: 
  stateChangeProcessEnqueue: Error transitioning state
  UnknownError
*** UTM:SVC TimerManager:registerTimer called after profile-before-change notification. Ignoring timer registration for id: telemetry_modules_ping
1528670586481	geckodriver::marionette	ERROR	Failed to stop browser process
1528670672096	geckodriver	INFO	geckodriver 0.20.0
1528670672108	geckodriver	INFO	Listening on 127.0.0.1:52995
1528670673173	mozrunner::runner	INFO	Running command: "/usr/bin/firefox" "-marionette" "-profile" "/tmp/rust_mozprofile.cJfkPVUV7o63"
1528670679273	Marionette	INFO	Listening on port 41855
1528670679331	Marionette	WARN	TLS certificate errors will be ignored for this session
1528670679819	addons.xpi	WARN	Exception running bootstrap method shutdown on activity-stream@mozilla.org: [Exception... "Component returned failure code: 0x80004005 (NS_ERROR_FAILURE) [nsIObserverService.removeObserver]"  nsresult: "0x80004005 (NS_ERROR_FAILURE)"  location: "JS frame :: resource://activity-stream/lib/SnippetsFeed.jsm :: uninit :: line 185"  data: no] Stack trace: uninit()@resource://activity-stream/lib/SnippetsFeed.jsm:185
onAction()@resource://activity-stream/lib/SnippetsFeed.jsm:201
_middleware/</<()@resource://activity-stream/lib/Store.jsm:49
Store/this[method]()@resource://activity-stream/lib/Store.jsm:28
uninit()@resource://activity-stream/lib/Store.jsm:151
uninit()@resource://activity-stream/lib/ActivityStream.jsm:300
uninit()@resource://gre/modules/addons/XPIProvider.jsm -> jar:file:///usr/lib/firefox/browser/features/activity-stream@mozilla.org.xpi!/bootstrap.js:73
shutdown()@resource://gre/modules/addons/XPIProvider.jsm -> jar:file:///usr/lib/firefox/browser/features/activity-stream@mozilla.org.xpi!/bootstrap.js:169
callBootstrapMethod()@resource://gre/modules/addons/XPIProvider.jsm:4436
observe()@resource://gre/modules/addons/XPIProvider.jsm:2287
GeckoDriver.prototype.quit()@driver.js:3300
despatch()@server.js:293
execute()@server.js:267
onPacket/<()@server.js:242
onPacket()@server.js:241
_onJSONObjectReady/<()@transport.js:500
*** UTM:SVC TimerManager:registerTimer called after profile-before-change notification. Ignoring timer registration for id: telemetry_modules_ping
1528670682056	geckodriver::marionette	ERROR	Failed to stop browser process
1528671270096	geckodriver	INFO	geckodriver 0.20.0
1528671270107	geckodriver	INFO	Listening on 127.0.0.1:41917
1528671271109	mozrunner::runner	INFO	Running command: "/usr/bin/firefox" "-marionette" "-profile" "/tmp/rust_mozprofile.AowPkSEMfOje"
1528671283115	Marionette	INFO	Listening on port 36077
1528671285813	Marionette	WARN	TLS certificate errors will be ignored for this session
*** UTM:SVC TimerManager:registerTimer called after profile-before-change notification. Ignoring timer registration for id: telemetry_modules_ping
1528671291831	geckodriver::marionette	ERROR	Failed to stop browser process
1528671332976	geckodriver	INFO	geckodriver 0.20.0
1528671332986	geckodriver	INFO	Listening on 127.0.0.1:52191
1528671334078	mozrunner::runner	INFO	Running command: "/usr/bin/firefox" "-marionette" "-profile" "/tmp/rust_mozprofile.Q9QZidZQVvNn"
1528671346668	Marionette	INFO	Listening on port 38805
1528671346827	Marionette	WARN	TLS certificate errors will be ignored for this session
1528671348587	addons.xpi	WARN	Exception running bootstrap method shutdown on activity-stream@mozilla.org: [Exception... "Component returned failure code: 0x80004005 (NS_ERROR_FAILURE) [nsIObserverService.removeObserver]"  nsresult: "0x80004005 (NS_ERROR_FAILURE)"  location: "JS frame :: resource://activity-stream/lib/SnippetsFeed.jsm :: uninit :: line 185"  data: no] Stack trace: uninit()@resource://activity-stream/lib/SnippetsFeed.jsm:185
onAction()@resource://activity-stream/lib/SnippetsFeed.jsm:201
_middleware/</<()@resource://activity-stream/lib/Store.jsm:49
Store/this[method]()@resource://activity-stream/lib/Store.jsm:28
uninit()@resource://activity-stream/lib/Store.jsm:151
uninit()@resource://activity-stream/lib/ActivityStream.jsm:300
uninit()@resource://gre/modules/addons/XPIProvider.jsm -> jar:file:///usr/lib/firefox/browser/features/activity-stream@mozilla.org.xpi!/bootstrap.js:73
shutdown()@resource://gre/modules/addons/XPIProvider.jsm -> jar:file:///usr/lib/firefox/browser/features/activity-stream@mozilla.org.xpi!/bootstrap.js:169
callBootstrapMethod()@resource://gre/modules/addons/XPIProvider.jsm:4436
observe()@resource://gre/modules/addons/XPIProvider.jsm:2287
GeckoDriver.prototype.quit()@driver.js:3300
despatch()@server.js:293
execute()@server.js:267
onPacket/<()@server.js:242
onPacket()@server.js:241
_onJSONObjectReady/<()@transport.js:500
*** UTM:SVC TimerManager:registerTimer called after profile-before-change notification. Ignoring timer registration for id: telemetry_modules_ping
1528671351221	geckodriver::marionette	ERROR	Failed to stop browser process
1528671402982	geckodriver	INFO	geckodriver 0.20.0
1528671402995	geckodriver	INFO	Listening on 127.0.0.1:49747
1528671403996	mozrunner::runner	INFO	Running command: "/usr/bin/firefox" "-marionette" "-profile" "/tmp/rust_mozprofile.EttoZjYjM0k3"
1528671411240	Marionette	INFO	Listening on port 33839
1528671411348	Marionette	WARN	TLS certificate errors will be ignored for this session
1528671414693	addons.xpi	WARN	Exception running bootstrap method shutdown on activity-stream@mozilla.org: [Exception... "Component returned failure code: 0x80004005 (NS_ERROR_FAILURE) [nsIObserverService.removeObserver]"  nsresult: "0x80004005 (NS_ERROR_FAILURE)"  location: "JS frame :: resource://activity-stream/lib/SnippetsFeed.jsm :: uninit :: line 185"  data: no] Stack trace: uninit()@resource://activity-stream/lib/SnippetsFeed.jsm:185
onAction()@resource://activity-stream/lib/SnippetsFeed.jsm:201
_middleware/</<()@resource://activity-stream/lib/Store.jsm:49
Store/this[method]()@resource://activity-stream/lib/Store.jsm:28
uninit()@resource://activity-stream/lib/Store.jsm:151
uninit()@resource://activity-stream/lib/ActivityStream.jsm:300
uninit()@resource://gre/modules/addons/XPIProvider.jsm -> jar:file:///usr/lib/firefox/browser/features/activity-stream@mozilla.org.xpi!/bootstrap.js:73
shutdown()@resource://gre/modules/addons/XPIProvider.jsm -> jar:file:///usr/lib/firefox/browser/features/activity-stream@mozilla.org.xpi!/bootstrap.js:169
callBootstrapMethod()@resource://gre/modules/addons/XPIProvider.jsm:4436
observe()@resource://gre/modules/addons/XPIProvider.jsm:2287
GeckoDriver.prototype.quit()@driver.js:3300
despatch()@server.js:293
execute()@server.js:267
onPacket/<()@server.js:242
onPacket()@server.js:241
_onJSONObjectReady/<()@transport.js:500
*** UTM:SVC TimerManager:registerTimer called after profile-before-change notification. Ignoring timer registration for id: telemetry_modules_ping
1528671416688	geckodriver::marionette	ERROR	Failed to stop browser process
1528671479461	geckodriver	INFO	geckodriver 0.20.0
1528671479476	geckodriver	INFO	Listening on 127.0.0.1:32983
1528671480472	mozrunner::runner	INFO	Running command: "/usr/bin/firefox" "-marionette" "-profile" "/tmp/rust_mozprofile.nZq6XgLe3iah"
1528671487016	Marionette	INFO	Listening on port 41957
1528671487114	Marionette	WARN	TLS certificate errors will be ignored for this session
1528671489620	addons.xpi	WARN	Exception running bootstrap method shutdown on activity-stream@mozilla.org: [Exception... "Component returned failure code: 0x80004005 (NS_ERROR_FAILURE) [nsIObserverService.removeObserver]"  nsresult: "0x80004005 (NS_ERROR_FAILURE)"  location: "JS frame :: resource://activity-stream/lib/SnippetsFeed.jsm :: uninit :: line 185"  data: no] Stack trace: uninit()@resource://activity-stream/lib/SnippetsFeed.jsm:185
onAction()@resource://activity-stream/lib/SnippetsFeed.jsm:201
_middleware/</<()@resource://activity-stream/lib/Store.jsm:49
Store/this[method]()@resource://activity-stream/lib/Store.jsm:28
uninit()@resource://activity-stream/lib/Store.jsm:151
uninit()@resource://activity-stream/lib/ActivityStream.jsm:300
uninit()@resource://gre/modules/addons/XPIProvider.jsm -> jar:file:///usr/lib/firefox/browser/features/activity-stream@mozilla.org.xpi!/bootstrap.js:73
shutdown()@resource://gre/modules/addons/XPIProvider.jsm -> jar:file:///usr/lib/firefox/browser/features/activity-stream@mozilla.org.xpi!/bootstrap.js:169
callBootstrapMethod()@resource://gre/modules/addons/XPIProvider.jsm:4436
observe()@resource://gre/modules/addons/XPIProvider.jsm:2287
GeckoDriver.prototype.quit()@driver.js:3300
despatch()@server.js:293
execute()@server.js:267
onPacket/<()@server.js:242
onPacket()@server.js:241
_onJSONObjectReady/<()@transport.js:500
*** UTM:SVC TimerManager:registerTimer called after profile-before-change notification. Ignoring timer registration for id: telemetry_modules_ping
1528671491663	geckodriver::marionette	ERROR	Failed to stop browser process
1528671542482	geckodriver	INFO	geckodriver 0.20.0
1528671542496	geckodriver	INFO	Listening on 127.0.0.1:36641
1528671543497	mozrunner::runner	INFO	Running command: "/usr/bin/firefox" "-marionette" "-profile" "/tmp/rust_mozprofile.AViA9SF3RJH3"
1528671550305	Marionette	INFO	Listening on port 38211
1528671550351	Marionette	WARN	TLS certificate errors will be ignored for this session
1528671551478	addons.xpi	WARN	Exception running bootstrap method shutdown on activity-stream@mozilla.org: [Exception... "Component returned failure code: 0x80004005 (NS_ERROR_FAILURE) [nsIObserverService.removeObserver]"  nsresult: "0x80004005 (NS_ERROR_FAILURE)"  location: "JS frame :: resource://activity-stream/lib/SnippetsFeed.jsm :: uninit :: line 185"  data: no] Stack trace: uninit()@resource://activity-stream/lib/SnippetsFeed.jsm:185
onAction()@resource://activity-stream/lib/SnippetsFeed.jsm:201
_middleware/</<()@resource://activity-stream/lib/Store.jsm:49
Store/this[method]()@resource://activity-stream/lib/Store.jsm:28
uninit()@resource://activity-stream/lib/Store.jsm:151
uninit()@resource://activity-stream/lib/ActivityStream.jsm:300
uninit()@resource://gre/modules/addons/XPIProvider.jsm -> jar:file:///usr/lib/firefox/browser/features/activity-stream@mozilla.org.xpi!/bootstrap.js:73
shutdown()@resource://gre/modules/addons/XPIProvider.jsm -> jar:file:///usr/lib/firefox/browser/features/activity-stream@mozilla.org.xpi!/bootstrap.js:169
callBootstrapMethod()@resource://gre/modules/addons/XPIProvider.jsm:4436
observe()@resource://gre/modules/addons/XPIProvider.jsm:2287
GeckoDriver.prototype.quit()@driver.js:3300
despatch()@server.js:293
execute()@server.js:267
onPacket/<()@server.js:242
onPacket()@server.js:241
_onJSONObjectReady/<()@transport.js:500
console.error: (new Error("Connection closed before committing the transaction.", "resource://gre/modules/Sqlite.jsm", 614))
*** UTM:SVC TimerManager:registerTimer called after profile-before-change notification. Ignoring timer registration for id: telemetry_modules_ping
1528671553191	geckodriver::marionette	ERROR	Failed to stop browser process
1528671584978	geckodriver	INFO	geckodriver 0.20.0
1528671584990	geckodriver	INFO	Listening on 127.0.0.1:37693
1528671585993	mozrunner::runner	INFO	Running command: "/usr/bin/firefox" "-marionette" "-profile" "/tmp/rust_mozprofile.5Dn53oGR65gQ"
1528671592093	Marionette	INFO	Listening on port 45901
1528671592129	Marionette	WARN	TLS certificate errors will be ignored for this session
1528671593379	addons.xpi	WARN	Exception running bootstrap method shutdown on activity-stream@mozilla.org: [Exception... "Component returned failure code: 0x80004005 (NS_ERROR_FAILURE) [nsIObserverService.removeObserver]"  nsresult: "0x80004005 (NS_ERROR_FAILURE)"  location: "JS frame :: resource://activity-stream/lib/SnippetsFeed.jsm :: uninit :: line 185"  data: no] Stack trace: uninit()@resource://activity-stream/lib/SnippetsFeed.jsm:185
onAction()@resource://activity-stream/lib/SnippetsFeed.jsm:201
_middleware/</<()@resource://activity-stream/lib/Store.jsm:49
Store/this[method]()@resource://activity-stream/lib/Store.jsm:28
uninit()@resource://activity-stream/lib/Store.jsm:151
uninit()@resource://activity-stream/lib/ActivityStream.jsm:300
uninit()@resource://gre/modules/addons/XPIProvider.jsm -> jar:file:///usr/lib/firefox/browser/features/activity-stream@mozilla.org.xpi!/bootstrap.js:73
shutdown()@resource://gre/modules/addons/XPIProvider.jsm -> jar:file:///usr/lib/firefox/browser/features/activity-stream@mozilla.org.xpi!/bootstrap.js:169
callBootstrapMethod()@resource://gre/modules/addons/XPIProvider.jsm:4436
observe()@resource://gre/modules/addons/XPIProvider.jsm:2287
GeckoDriver.prototype.quit()@driver.js:3300
despatch()@server.js:293
execute()@server.js:267
onPacket/<()@server.js:242
onPacket()@server.js:241
_onJSONObjectReady/<()@transport.js:500
*** UTM:SVC TimerManager:registerTimer called after profile-before-change notification. Ignoring timer registration for id: telemetry_modules_ping
1528671595717	geckodriver::marionette	ERROR	Failed to stop browser process
1528671673077	geckodriver	INFO	geckodriver 0.20.0
1528671673092	geckodriver	INFO	Listening on 127.0.0.1:34339
1528671674086	mozrunner::runner	INFO	Running command: "/usr/bin/firefox" "-marionette" "-profile" "/tmp/rust_mozprofile.noqSPf7HKsWe"
1528671681988	Marionette	INFO	Listening on port 41741
1528671682032	Marionette	WARN	TLS certificate errors will be ignored for this session
1528671683057	addons.xpi	WARN	Exception running bootstrap method shutdown on activity-stream@mozilla.org: [Exception... "Component returned failure code: 0x80004005 (NS_ERROR_FAILURE) [nsIObserverService.removeObserver]"  nsresult: "0x80004005 (NS_ERROR_FAILURE)"  location: "JS frame :: resource://activity-stream/lib/SnippetsFeed.jsm :: uninit :: line 185"  data: no] Stack trace: uninit()@resource://activity-stream/lib/SnippetsFeed.jsm:185
onAction()@resource://activity-stream/lib/SnippetsFeed.jsm:201
_middleware/</<()@resource://activity-stream/lib/Store.jsm:49
Store/this[method]()@resource://activity-stream/lib/Store.jsm:28
uninit()@resource://activity-stream/lib/Store.jsm:151
uninit()@resource://activity-stream/lib/ActivityStream.jsm:300
uninit()@resource://gre/modules/addons/XPIProvider.jsm -> jar:file:///usr/lib/firefox/browser/features/activity-stream@mozilla.org.xpi!/bootstrap.js:73
shutdown()@resource://gre/modules/addons/XPIProvider.jsm -> jar:file:///usr/lib/firefox/browser/features/activity-stream@mozilla.org.xpi!/bootstrap.js:169
callBootstrapMethod()@resource://gre/modules/addons/XPIProvider.jsm:4436
observe()@resource://gre/modules/addons/XPIProvider.jsm:2287
GeckoDriver.prototype.quit()@driver.js:3300
despatch()@server.js:293
execute()@server.js:267
onPacket/<()@server.js:242
onPacket()@server.js:241
_onJSONObjectReady/<()@transport.js:500
console.error: PushService: 
  clearOriginData: Error clearing origin data:
  UnknownError
console.error: PushService: 
  stateChangeProcessEnqueue: Error transitioning state
  UnknownError
*** UTM:SVC TimerManager:registerTimer called after profile-before-change notification. Ignoring timer registration for id: telemetry_modules_ping
1528671685504	geckodriver::marionette	ERROR	Failed to stop browser process
1528671744107	geckodriver	INFO	geckodriver 0.20.0
1528671744122	geckodriver	INFO	Listening on 127.0.0.1:60369
1528671745122	mozrunner::runner	INFO	Running command: "/usr/bin/firefox" "-marionette" "-profile" "/tmp/rust_mozprofile.9DjI6XG7rUxY"
1528671751309	Marionette	INFO	Listening on port 41007
1528671751358	Marionette	WARN	TLS certificate errors will be ignored for this session
1528671752744	addons.xpi	WARN	Exception running bootstrap method shutdown on activity-stream@mozilla.org: [Exception... "Component returned failure code: 0x80004005 (NS_ERROR_FAILURE) [nsIObserverService.removeObserver]"  nsresult: "0x80004005 (NS_ERROR_FAILURE)"  location: "JS frame :: resource://activity-stream/lib/SnippetsFeed.jsm :: uninit :: line 185"  data: no] Stack trace: uninit()@resource://activity-stream/lib/SnippetsFeed.jsm:185
onAction()@resource://activity-stream/lib/SnippetsFeed.jsm:201
_middleware/</<()@resource://activity-stream/lib/Store.jsm:49
Store/this[method]()@resource://activity-stream/lib/Store.jsm:28
uninit()@resource://activity-stream/lib/Store.jsm:151
uninit()@resource://activity-stream/lib/ActivityStream.jsm:300
uninit()@resource://gre/modules/addons/XPIProvider.jsm -> jar:file:///usr/lib/firefox/browser/features/activity-stream@mozilla.org.xpi!/bootstrap.js:73
shutdown()@resource://gre/modules/addons/XPIProvider.jsm -> jar:file:///usr/lib/firefox/browser/features/activity-stream@mozilla.org.xpi!/bootstrap.js:169
callBootstrapMethod()@resource://gre/modules/addons/XPIProvider.jsm:4436
observe()@resource://gre/modules/addons/XPIProvider.jsm:2287
GeckoDriver.prototype.quit()@driver.js:3300
despatch()@server.js:293
execute()@server.js:267
onPacket/<()@server.js:242
onPacket()@server.js:241
_onJSONObjectReady/<()@transport.js:500
console.error: (new Error("Connection closed before committing the transaction.", "resource://gre/modules/Sqlite.jsm", 614))
*** UTM:SVC TimerManager:registerTimer called after profile-before-change notification. Ignoring timer registration for id: telemetry_modules_ping
1528671754483	geckodriver::marionette	ERROR	Failed to stop browser process
1528682242311	geckodriver	INFO	geckodriver 0.20.0
1528682242473	geckodriver	INFO	Listening on 127.0.0.1:52869
1528682243134	mozrunner::runner	INFO	Running command: "/usr/bin/firefox" "-marionette" "-profile" "/tmp/rust_mozprofile.WjgZc9mveyX0"
console.error: "Could not write session state file " (new Error("_initWorker called too early! Please read the session file from disk first.", "resource:///modules/sessionstore/SessionFile.jsm", 337)) "_initWorker/<@resource:///modules/sessionstore/SessionFile.jsm:337:15\n_initWorker@resource:///modules/sessionstore/SessionFile.jsm:330:12\n_postToWorker@resource:///modules/sessionstore/SessionFile.jsm:354:11\nwrite@resource:///modules/sessionstore/SessionFile.jsm:394:19\nwrite@resource:///modules/sessionstore/SessionFile.jsm:66:12\n_writeState@resource:///modules/sessionstore/SessionSaver.jsm:357:12\n_saveState@resource:///modules/sessionstore/SessionSaver.jsm:295:12\n_saveStateAsync@resource:///modules/sessionstore/SessionSaver.jsm:341:5\nsaveStateAsyncWhenIdle@resource:///modules/sessionstore/SessionSaver.jsm:192:9\n"
1528682321426	Marionette	INFO	Listening on port 46833
1528682423090	geckodriver	INFO	geckodriver 0.20.0
1528682423115	geckodriver	INFO	Listening on 127.0.0.1:49737
1528682424068	mozrunner::runner	INFO	Running command: "/usr/bin/firefox" "-marionette" "-profile" "/tmp/rust_mozprofile.smXnMhGwhzxP"
1528682433877	Marionette	INFO	Listening on port 41349
1528682434006	Marionette	WARN	TLS certificate errors will be ignored for this session

(/usr/lib/firefox/firefox:12944): dconf-WARNING **: Unable to open /var/lib/snapd/desktop/dconf/profile/user: Permiso denegado
*** UTM:SVC TimerManager:registerTimer called after profile-before-change notification. Ignoring timer registration for id: telemetry_modules_ping
1528682445010	geckodriver::marionette	ERROR	Failed to stop browser process
1528682514958	geckodriver	INFO	geckodriver 0.20.0
1528682514972	geckodriver	INFO	Listening on 127.0.0.1:33431
1528682515973	mozrunner::runner	INFO	Running command: "/usr/bin/firefox" "-marionette" "-profile" "/tmp/rust_mozprofile.MxoqL6R3iv9U"
1528682522719	Marionette	INFO	Listening on port 38649
1528682522832	Marionette	WARN	TLS certificate errors will be ignored for this session

(/usr/lib/firefox/firefox:13159): dconf-WARNING **: Unable to open /var/lib/snapd/desktop/dconf/profile/user: Permiso denegado
*** UTM:SVC TimerManager:registerTimer called after profile-before-change notification. Ignoring timer registration for id: telemetry_modules_ping
1528682537332	geckodriver::marionette	ERROR	Failed to stop browser process
1528682724346	geckodriver	INFO	geckodriver 0.20.0
1528682724356	geckodriver	INFO	Listening on 127.0.0.1:34619
1528682725359	mozrunner::runner	INFO	Running command: "/usr/bin/firefox" "-marionette" "-profile" "/tmp/rust_mozprofile.thRvcNpd8nlC"
1528682731843	Marionette	INFO	Listening on port 45147
1528682731901	Marionette	WARN	TLS certificate errors will be ignored for this session
*** UTM:SVC TimerManager:registerTimer called after profile-before-change notification. Ignoring timer registration for id: telemetry_modules_ping
1528682745025	geckodriver::marionette	ERROR	Failed to stop browser process
1528682794367	geckodriver	INFO	geckodriver 0.20.0
1528682794381	geckodriver	INFO	Listening on 127.0.0.1:39943
1528682795379	mozrunner::runner	INFO	Running command: "/usr/bin/firefox" "-marionette" "-profile" "/tmp/rust_mozprofile.eZhS50o2S2iZ"
1528682803646	Marionette	INFO	Listening on port 39531
1528682803769	Marionette	WARN	TLS certificate errors will be ignored for this session
*** UTM:SVC TimerManager:registerTimer called after profile-before-change notification. Ignoring timer registration for id: telemetry_modules_ping
1528682827739	geckodriver::marionette	ERROR	Failed to stop browser process
1528682873335	geckodriver	INFO	geckodriver 0.20.0
1528682873346	geckodriver	INFO	Listening on 127.0.0.1:45869
1528682874349	mozrunner::runner	INFO	Running command: "/usr/bin/firefox" "-marionette" "-profile" "/tmp/rust_mozprofile.pnWa7kmtUQwJ"
1528682880726	Marionette	INFO	Listening on port 40603
1528682880797	Marionette	WARN	TLS certificate errors will be ignored for this session
JavaScript error: resource://gre/modules/Sqlite.jsm, line 826: Error: Connection is not open.
JavaScript error: resource://gre/modules/Sqlite.jsm, line 826: Error: Connection is not open.
JavaScript error: resource://gre/modules/Sqlite.jsm, line 826: Error: Connection is not open.
JavaScript error: resource://gre/modules/Sqlite.jsm, line 826: Error: Connection is not open.
JavaScript error: resource://gre/modules/Sqlite.jsm, line 826: Error: Connection is not open.
JavaScript error: resource://gre/modules/Sqlite.jsm, line 826: Error: Connection is not open.
JavaScript error: resource://gre/modules/Sqlite.jsm, line 826: Error: Connection is not open.
JavaScript error: resource://gre/modules/Sqlite.jsm, line 826: Error: Connection is not open.
*** UTM:SVC TimerManager:registerTimer called after profile-before-change notification. Ignoring timer registration for id: telemetry_modules_ping
1528682894804	geckodriver::marionette	ERROR	Failed to stop browser process
1528683036813	geckodriver	INFO	geckodriver 0.20.0
1528683036827	geckodriver	INFO	Listening on 127.0.0.1:39201
1528683037833	mozrunner::runner	INFO	Running command: "/usr/bin/firefox" "-marionette" "-profile" "/tmp/rust_mozprofile.w8v8Ogdyrckf"
1528683043829	Marionette	INFO	Listening on port 38129
1528683043890	Marionette	WARN	TLS certificate errors will be ignored for this session
*** UTM:SVC TimerManager:registerTimer called after profile-before-change notification. Ignoring timer registration for id: telemetry_modules_ping
1528684725145	geckodriver	INFO	geckodriver 0.20.0
1528684725304	geckodriver	INFO	Listening on 127.0.0.1:48091
1528684726293	mozrunner::runner	INFO	Running command: "/usr/bin/firefox" "-marionette" "-profile" "/tmp/rust_mozprofile.bfrOvgGMNQk0"
1528645926628	geckodriver	INFO	geckodriver 0.20.0
1528645926767	geckodriver	INFO	Listening on 127.0.0.1:45479
1528645927597	mozrunner::runner	INFO	Running command: "/usr/bin/firefox" "-marionette" "-profile" "/tmp/rust_mozprofile.41QgvGfl476n"
1528645955741	Marionette	INFO	Listening on port 34585
1528645956977	Marionette	WARN	TLS certificate errors will be ignored for this session
JavaScript error: resource://gre/modules/Sqlite.jsm, line 826: Error: Connection is not open.
JavaScript error: resource://gre/modules/Sqlite.jsm, line 826: Error: Connection is not open.
JavaScript error: resource://gre/modules/Sqlite.jsm, line 826: Error: Connection is not open.
JavaScript error: resource://gre/modules/Sqlite.jsm, line 826: Error: Connection is not open.
JavaScript error: resource://gre/modules/Sqlite.jsm, line 826: Error: Connection is not open.
JavaScript error: resource://gre/modules/Sqlite.jsm, line 826: Error: Connection is not open.
JavaScript error: resource://gre/modules/Sqlite.jsm, line 826: Error: Connection is not open.
JavaScript error: resource://gre/modules/Sqlite.jsm, line 826: Error: Connection is not open.
*** UTM:SVC TimerManager:registerTimer called after profile-before-change notification. Ignoring timer registration for id: telemetry_modules_ping
1528645978057	geckodriver::marionette	ERROR	Failed to stop browser process
1528646007297	geckodriver	INFO	geckodriver 0.20.0
1528646007344	geckodriver	INFO	Listening on 127.0.0.1:59217
1528646008299	mozrunner::runner	INFO	Running command: "/usr/bin/firefox" "-marionette" "-profile" "/tmp/rust_mozprofile.J9kl9OkRBba3"
1528646019936	Marionette	INFO	Listening on port 42941
1528646019977	Marionette	WARN	TLS certificate errors will be ignored for this session
1528646027670	addons.xpi	WARN	Exception running bootstrap method shutdown on activity-stream@mozilla.org: [Exception... "Component returned failure code: 0x80004005 (NS_ERROR_FAILURE) [nsIObserverService.removeObserver]"  nsresult: "0x80004005 (NS_ERROR_FAILURE)"  location: "JS frame :: resource://activity-stream/lib/SnippetsFeed.jsm :: uninit :: line 185"  data: no] Stack trace: uninit()@resource://activity-stream/lib/SnippetsFeed.jsm:185
onAction()@resource://activity-stream/lib/SnippetsFeed.jsm:201
_middleware/</<()@resource://activity-stream/lib/Store.jsm:49
Store/this[method]()@resource://activity-stream/lib/Store.jsm:28
uninit()@resource://activity-stream/lib/Store.jsm:151
uninit()@resource://activity-stream/lib/ActivityStream.jsm:300
uninit()@resource://gre/modules/addons/XPIProvider.jsm -> jar:file:///usr/lib/firefox/browser/features/activity-stream@mozilla.org.xpi!/bootstrap.js:73
shutdown()@resource://gre/modules/addons/XPIProvider.jsm -> jar:file:///usr/lib/firefox/browser/features/activity-stream@mozilla.org.xpi!/bootstrap.js:169
callBootstrapMethod()@resource://gre/modules/addons/XPIProvider.jsm:4436
observe()@resource://gre/modules/addons/XPIProvider.jsm:2287
GeckoDriver.prototype.quit()@driver.js:3300
despatch()@server.js:293
execute()@server.js:267
onPacket/<()@server.js:242
onPacket()@server.js:241
_onJSONObjectReady/<()@transport.js:500
[Parent 16172, Gecko_IOThread] WARNING: pipe error (107): Conexión reinicializada por la máquina remota: file /build/firefox-SqrJ_m/firefox-60.0.1+build2/ipc/chromium/src/chrome/common/ipc_channel_posix.cc, line 353
JavaScript error: resource://gre/modules/Sqlite.jsm, line 826: Error: Connection is not open.
JavaScript error: resource://gre/modules/Sqlite.jsm, line 826: Error: Connection is not open.
JavaScript error: resource://gre/modules/Sqlite.jsm, line 826: Error: Connection is not open.
JavaScript error: resource://gre/modules/Sqlite.jsm, line 826: Error: Connection is not open.
JavaScript error: resource://gre/modules/Sqlite.jsm, line 826: Error: Connection is not open.
JavaScript error: resource://gre/modules/Sqlite.jsm, line 826: Error: Connection is not open.
JavaScript error: resource://gre/modules/Sqlite.jsm, line 826: Error: Connection is not open.
JavaScript error: resource://gre/modules/Sqlite.jsm, line 826: Error: Connection is not open.
*** UTM:SVC TimerManager:registerTimer called after profile-before-change notification. Ignoring timer registration for id: telemetry_modules_ping
1528646031588	geckodriver::marionette	ERROR	Failed to stop browser process
1528646059366	geckodriver	INFO	geckodriver 0.20.0
1528646059382	geckodriver	INFO	Listening on 127.0.0.1:41343
1528646060410	mozrunner::runner	INFO	Running command: "/usr/bin/firefox" "-marionette" "-profile" "/tmp/rust_mozprofile.F5s1i3XtqvwE"
1528646067042	Marionette	INFO	Listening on port 36331
1528646067189	Marionette	WARN	TLS certificate errors will be ignored for this session
1528646069290	addons.xpi	WARN	Exception running bootstrap method shutdown on activity-stream@mozilla.org: [Exception... "Component returned failure code: 0x80004005 (NS_ERROR_FAILURE) [nsIObserverService.removeObserver]"  nsresult: "0x80004005 (NS_ERROR_FAILURE)"  location: "JS frame :: resource://activity-stream/lib/SnippetsFeed.jsm :: uninit :: line 185"  data: no] Stack trace: uninit()@resource://activity-stream/lib/SnippetsFeed.jsm:185
onAction()@resource://activity-stream/lib/SnippetsFeed.jsm:201
_middleware/</<()@resource://activity-stream/lib/Store.jsm:49
Store/this[method]()@resource://activity-stream/lib/Store.jsm:28
uninit()@resource://activity-stream/lib/Store.jsm:151
uninit()@resource://activity-stream/lib/ActivityStream.jsm:300
uninit()@resource://gre/modules/addons/XPIProvider.jsm -> jar:file:///usr/lib/firefox/browser/features/activity-stream@mozilla.org.xpi!/bootstrap.js:73
shutdown()@resource://gre/modules/addons/XPIProvider.jsm -> jar:file:///usr/lib/firefox/browser/features/activity-stream@mozilla.org.xpi!/bootstrap.js:169
callBootstrapMethod()@resource://gre/modules/addons/XPIProvider.jsm:4436
observe()@resource://gre/modules/addons/XPIProvider.jsm:2287
GeckoDriver.prototype.quit()@driver.js:3300
despatch()@server.js:293
execute()@server.js:267
onPacket/<()@server.js:242
onPacket()@server.js:241
_onJSONObjectReady/<()@transport.js:500
JavaScript error: resource://gre/modules/Sqlite.jsm, line 826: Error: Connection is not open.
JavaScript error: resource://gre/modules/Sqlite.jsm, line 826: Error: Connection is not open.
JavaScript error: resource://gre/modules/Sqlite.jsm, line 826: Error: Connection is not open.
JavaScript error: resource://gre/modules/Sqlite.jsm, line 826: Error: Connection is not open.
JavaScript error: resource://gre/modules/Sqlite.jsm, line 826: Error: Connection is not open.
JavaScript error: resource://gre/modules/Sqlite.jsm, line 826: Error: Connection is not open.
JavaScript error: resource://gre/modules/Sqlite.jsm, line 826: Error: Connection is not open.
JavaScript error: resource://gre/modules/Sqlite.jsm, line 826: Error: Connection is not open.
*** UTM:SVC TimerManager:registerTimer called after profile-before-change notification. Ignoring timer registration for id: telemetry_modules_ping
1528646072611	geckodriver::marionette	ERROR	Failed to stop browser process
1529944399146	geckodriver	INFO	geckodriver 0.20.0
1529944399172	geckodriver	INFO	Listening on 127.0.0.1:39725
1529944400192	mozrunner::runner	INFO	Running command: "/usr/bin/firefox" "-marionette" "-profile" "/tmp/rust_mozprofile.EBIauugJEdso"
1529944407607	Marionette	INFO	Listening on port 44674
1529944407631	Marionette	WARN	TLS certificate errors will be ignored for this session
JavaScript error: resource://gre/modules/Sqlite.jsm, line 826: Error: Connection is not open.
JavaScript error: resource://gre/modules/Sqlite.jsm, line 826: Error: Connection is not open.
JavaScript error: resource://gre/modules/Sqlite.jsm, line 826: Error: Connection is not open.
JavaScript error: resource://gre/modules/Sqlite.jsm, line 826: Error: Connection is not open.
JavaScript error: resource://gre/modules/Sqlite.jsm, line 826: Error: Connection is not open.
JavaScript error: resource://gre/modules/Sqlite.jsm, line 826: Error: Connection is not open.
JavaScript error: resource://gre/modules/Sqlite.jsm, line 826: Error: Connection is not open.
JavaScript error: resource://gre/modules/Sqlite.jsm, line 826: Error: Connection is not open.
*** UTM:SVC TimerManager:registerTimer called after profile-before-change notification. Ignoring timer registration for id: telemetry_modules_ping
1529944416141	geckodriver::marionette	ERROR	Failed to stop browser process
1529944693815	geckodriver	INFO	geckodriver 0.20.0
1529944693827	geckodriver	INFO	Listening on 127.0.0.1:59485
1529944694817	mozrunner::runner	INFO	Running command: "/usr/bin/firefox" "-marionette" "-profile" "/tmp/rust_mozprofile.J2X7ln7wLQBk"
1529944700201	Marionette	INFO	Listening on port 33536
1529944700263	Marionette	WARN	TLS certificate errors will be ignored for this session
*** UTM:SVC TimerManager:registerTimer called after profile-before-change notification. Ignoring timer registration for id: telemetry_modules_ping
1529944712226	geckodriver::marionette	ERROR	Failed to stop browser process
1529944787654	geckodriver	INFO	geckodriver 0.20.0
1529944787660	geckodriver	INFO	Listening on 127.0.0.1:58753
1529944788669	mozrunner::runner	INFO	Running command: "/usr/bin/firefox" "-marionette" "-profile" "/tmp/rust_mozprofile.M4TpEf6Lim8x"
1529944793496	Marionette	INFO	Listening on port 45466
1529944793595	Marionette	WARN	TLS certificate errors will be ignored for this session
*** UTM:SVC TimerManager:registerTimer called after profile-before-change notification. Ignoring timer registration for id: telemetry_modules_ping
1529944799511	geckodriver::marionette	ERROR	Failed to stop browser process
1529944890305	geckodriver	INFO	geckodriver 0.20.0
1529944890310	geckodriver	INFO	Listening on 127.0.0.1:35101
1529944891322	mozrunner::runner	INFO	Running command: "/usr/bin/firefox" "-marionette" "-profile" "/tmp/rust_mozprofile.yFLId3oBqmah"
1529944895704	Marionette	INFO	Listening on port 41251
1529944895747	Marionette	WARN	TLS certificate errors will be ignored for this session
*** UTM:SVC TimerManager:registerTimer called after profile-before-change notification. Ignoring timer registration for id: telemetry_modules_ping
1529944912224	geckodriver::marionette	ERROR	Failed to stop browser process
1529946096117	geckodriver	INFO	geckodriver 0.20.0
1529946096122	geckodriver	INFO	Listening on 127.0.0.1:55834
1529946097133	mozrunner::runner	INFO	Running command: "/usr/bin/firefox" "-marionette" "-profile" "/tmp/rust_mozprofile.09ncfW6IuRiX"
1529946102331	Marionette	INFO	Listening on port 41409
1529946102378	Marionette	WARN	TLS certificate errors will be ignored for this session
*** UTM:SVC TimerManager:registerTimer called after profile-before-change notification. Ignoring timer registration for id: telemetry_modules_ping
1529946112432	geckodriver::marionette	ERROR	Failed to stop browser process
1529947016481	geckodriver	INFO	geckodriver 0.20.0
1529947016487	geckodriver	INFO	Listening on 127.0.0.1:46422
1529947017500	mozrunner::runner	INFO	Running command: "/usr/bin/firefox" "-marionette" "-profile" "/tmp/rust_mozprofile.7QRILXzMsVLE"
1529947022490	Marionette	INFO	Listening on port 41641
1529947022537	Marionette	WARN	TLS certificate errors will be ignored for this session
1529947082876	geckodriver::marionette	ERROR	Failed to stop browser process
1529947104921	geckodriver	INFO	geckodriver 0.20.0
1529947104929	geckodriver	INFO	Listening on 127.0.0.1:46993
1529947105939	mozrunner::runner	INFO	Running command: "/usr/bin/firefox" "-marionette" "-profile" "/tmp/rust_mozprofile.aO3LmhsNSNzm"
1529947111247	Marionette	INFO	Listening on port 46108
1529947111262	Marionette	WARN	TLS certificate errors will be ignored for this session
*** UTM:SVC TimerManager:registerTimer called after profile-before-change notification. Ignoring timer registration for id: telemetry_modules_ping
1529947128036	geckodriver::marionette	ERROR	Failed to stop browser process
1529947206513	geckodriver	INFO	geckodriver 0.20.0
1529947206523	geckodriver	INFO	Listening on 127.0.0.1:58121
1529947207529	mozrunner::runner	INFO	Running command: "/usr/bin/firefox" "-marionette" "-profile" "/tmp/rust_mozprofile.Ajp6jyTKVXS0"
1529947212476	Marionette	INFO	Listening on port 39645
1529947212552	Marionette	WARN	TLS certificate errors will be ignored for this session
*** UTM:SVC TimerManager:registerTimer called after profile-before-change notification. Ignoring timer registration for id: telemetry_modules_ping
1529947223799	geckodriver::marionette	ERROR	Failed to stop browser process
1529948355434	geckodriver	INFO	geckodriver 0.20.0
1529948355443	geckodriver	INFO	Listening on 127.0.0.1:44316
1529948356452	mozrunner::runner	INFO	Running command: "/usr/bin/firefox" "-marionette" "-profile" "/tmp/rust_mozprofile.lK301zbWghwd"
1529948361257	Marionette	INFO	Listening on port 38632
1529948361287	Marionette	WARN	TLS certificate errors will be ignored for this session
*** UTM:SVC TimerManager:registerTimer called after profile-before-change notification. Ignoring timer registration for id: telemetry_modules_ping
1529948370005	geckodriver::marionette	ERROR	Failed to stop browser process
1529948405375	geckodriver	INFO	geckodriver 0.20.0
1529948405381	geckodriver	INFO	Listening on 127.0.0.1:33270
1529948406394	mozrunner::runner	INFO	Running command: "/usr/bin/firefox" "-marionette" "-profile" "/tmp/rust_mozprofile.XUpCf5FFLLfI"
1529948411174	Marionette	INFO	Listening on port 40604
1529948411218	Marionette	WARN	TLS certificate errors will be ignored for this session
*** UTM:SVC TimerManager:registerTimer called after profile-before-change notification. Ignoring timer registration for id: telemetry_modules_ping
1529948421022	geckodriver::marionette	ERROR	Failed to stop browser process
1529969466845	geckodriver	INFO	geckodriver 0.20.0
1529969466851	geckodriver	INFO	Listening on 127.0.0.1:51644
1529969467863	mozrunner::runner	INFO	Running command: "/usr/bin/firefox" "-marionette" "-profile" "/tmp/rust_mozprofile.35qtR7j83chn"
1529969472543	Marionette	INFO	Listening on port 40839
1529969472584	Marionette	WARN	TLS certificate errors will be ignored for this session
*** UTM:SVC TimerManager:registerTimer called after profile-before-change notification. Ignoring timer registration for id: telemetry_modules_ping
1529969488379	geckodriver::marionette	ERROR	Failed to stop browser process
1529969504933	geckodriver	INFO	geckodriver 0.20.0
1529969504939	geckodriver	INFO	Listening on 127.0.0.1:41394
1529969505940	mozrunner::runner	INFO	Running command: "/usr/bin/firefox" "-marionette" "-profile" "/tmp/rust_mozprofile.AOamlgH2fdMH"
1529969510954	Marionette	INFO	Listening on port 35961
1529969510970	Marionette	WARN	TLS certificate errors will be ignored for this session
1529969537183	addons.productaddons	WARN	Failed downloading XML, status: 0, reason: error
1529969537200	addons.productaddons	WARN	Failed downloading via XHR, status: 0, reason: error
*** UTM:SVC TimerManager:registerTimer called after profile-before-change notification. Ignoring timer registration for id: telemetry_modules_ping
1529969538482	geckodriver::marionette	ERROR	Failed to stop browser process
1529971107718	geckodriver	INFO	geckodriver 0.20.0
1529971107725	geckodriver	INFO	Listening on 127.0.0.1:50793
1529971108736	mozrunner::runner	INFO	Running command: "/usr/bin/firefox" "-marionette" "-profile" "/tmp/rust_mozprofile.cTQC0OgZKp4m"
1529971113937	Marionette	INFO	Listening on port 43334
1529971113959	Marionette	WARN	TLS certificate errors will be ignored for this session
*** UTM:SVC TimerManager:registerTimer called after profile-before-change notification. Ignoring timer registration for id: telemetry_modules_ping
1529971127954	geckodriver::marionette	ERROR	Failed to stop browser process
1529971215396	geckodriver	INFO	geckodriver 0.20.0
1529971215405	geckodriver	INFO	Listening on 127.0.0.1:41603
1529971216410	mozrunner::runner	INFO	Running command: "/usr/bin/firefox" "-marionette" "-profile" "/tmp/rust_mozprofile.BolTbDWARA5U"
1529971221617	Marionette	INFO	Listening on port 45741
1529971221671	Marionette	WARN	TLS certificate errors will be ignored for this session
*** UTM:SVC TimerManager:registerTimer called after profile-before-change notification. Ignoring timer registration for id: telemetry_modules_ping
1529971237768	geckodriver::marionette	ERROR	Failed to stop browser process
1529971323142	geckodriver	INFO	geckodriver 0.20.0
1529971323148	geckodriver	INFO	Listening on 127.0.0.1:57329
1529971324160	mozrunner::runner	INFO	Running command: "/usr/bin/firefox" "-marionette" "-profile" "/tmp/rust_mozprofile.xHwmZh45mNei"
1529971328660	Marionette	INFO	Listening on port 34478
1529971328685	Marionette	WARN	TLS certificate errors will be ignored for this session
*** UTM:SVC TimerManager:registerTimer called after profile-before-change notification. Ignoring timer registration for id: telemetry_modules_ping
1529971342122	geckodriver::marionette	ERROR	Failed to stop browser process
1529971400828	geckodriver	INFO	geckodriver 0.20.0
1529971400833	geckodriver	INFO	Listening on 127.0.0.1:42373
1529971401846	mozrunner::runner	INFO	Running command: "/usr/bin/firefox" "-marionette" "-profile" "/tmp/rust_mozprofile.yJsitxL1xR72"
1529971406047	Marionette	INFO	Listening on port 35449
1529971406068	Marionette	WARN	TLS certificate errors will be ignored for this session
*** UTM:SVC TimerManager:registerTimer called after profile-before-change notification. Ignoring timer registration for id: telemetry_modules_ping
1529971426594	geckodriver::marionette	ERROR	Failed to stop browser process
1529974597225	geckodriver	INFO	geckodriver 0.20.0
1529974597232	geckodriver	INFO	Listening on 127.0.0.1:41266
1529974598243	mozrunner::runner	INFO	Running command: "/usr/bin/firefox" "-marionette" "-profile" "/tmp/rust_mozprofile.Yrjvmua1NeHY"
1529974602931	Marionette	INFO	Listening on port 37827
1529974602962	Marionette	WARN	TLS certificate errors will be ignored for this session
*** UTM:SVC TimerManager:registerTimer called after profile-before-change notification. Ignoring timer registration for id: telemetry_modules_ping
1529974627016	geckodriver::marionette	ERROR	Failed to stop browser process
1529991073948	geckodriver	INFO	geckodriver 0.20.0
1529991073956	geckodriver	INFO	Listening on 127.0.0.1:39247
1529991074958	mozrunner::runner	INFO	Running command: "/usr/bin/firefox" "-marionette" "-profile" "/tmp/rust_mozprofile.MlDWkLQHzWth"
1529991080775	Marionette	INFO	Listening on port 45288
1529991080794	Marionette	WARN	TLS certificate errors will be ignored for this session
*** UTM:SVC TimerManager:registerTimer called after profile-before-change notification. Ignoring timer registration for id: telemetry_modules_ping
1529991101661	geckodriver::marionette	ERROR	Failed to stop browser process
1529991210284	geckodriver	INFO	geckodriver 0.20.0
1529991210292	geckodriver	INFO	Listening on 127.0.0.1:35713
1529991211298	mozrunner::runner	INFO	Running command: "/usr/bin/firefox" "-marionette" "-profile" "/tmp/rust_mozprofile.iLRElk2sikvV"
1529991216241	Marionette	INFO	Listening on port 38734
1529991216321	Marionette	WARN	TLS certificate errors will be ignored for this session
*** UTM:SVC TimerManager:registerTimer called after profile-before-change notification. Ignoring timer registration for id: telemetry_modules_ping
1529991224569	geckodriver::marionette	ERROR	Failed to stop browser process
1529991650103	geckodriver	INFO	geckodriver 0.20.0
1529991650126	geckodriver	INFO	Listening on 127.0.0.1:40344
1529991651103	mozrunner::runner	INFO	Running command: "/usr/bin/firefox" "-marionette" "-profile" "/tmp/rust_mozprofile.k2NYtRTpn9py"
1529991657310	Marionette	INFO	Listening on port 37703
1529991657326	Marionette	WARN	TLS certificate errors will be ignored for this session
*** UTM:SVC TimerManager:registerTimer called after profile-before-change notification. Ignoring timer registration for id: telemetry_modules_ping
1529991665481	geckodriver::marionette	ERROR	Failed to stop browser process
1529992166737	geckodriver	INFO	geckodriver 0.20.0
1529992166744	geckodriver	INFO	Listening on 127.0.0.1:47880
1529992167754	mozrunner::runner	INFO	Running command: "/usr/bin/firefox" "-marionette" "-profile" "/tmp/rust_mozprofile.ilpgMcuQqXrA"
1529992172700	Marionette	INFO	Listening on port 43933
1529992172783	Marionette	WARN	TLS certificate errors will be ignored for this session
*** UTM:SVC TimerManager:registerTimer called after profile-before-change notification. Ignoring timer registration for id: telemetry_modules_ping
1529992180733	geckodriver::marionette	ERROR	Failed to stop browser process
1529992259713	geckodriver	INFO	geckodriver 0.20.0
1529992259719	geckodriver	INFO	Listening on 127.0.0.1:59748
1529992260731	mozrunner::runner	INFO	Running command: "/usr/bin/firefox" "-marionette" "-profile" "/tmp/rust_mozprofile.KDGdijGVGRdr"
1529992265399	Marionette	INFO	Listening on port 46358
1529992265481	Marionette	WARN	TLS certificate errors will be ignored for this session
*** UTM:SVC TimerManager:registerTimer called after profile-before-change notification. Ignoring timer registration for id: telemetry_modules_ping
1529992273303	geckodriver::marionette	ERROR	Failed to stop browser process
1529992314921	geckodriver	INFO	geckodriver 0.20.0
1529992314927	geckodriver	INFO	Listening on 127.0.0.1:47432
1529992315938	mozrunner::runner	INFO	Running command: "/usr/bin/firefox" "-marionette" "-profile" "/tmp/rust_mozprofile.ViNxcbj5Gd5P"
1529992320791	Marionette	INFO	Listening on port 36144
1529992320862	Marionette	WARN	TLS certificate errors will be ignored for this session
*** UTM:SVC TimerManager:registerTimer called after profile-before-change notification. Ignoring timer registration for id: telemetry_modules_ping
1529992328744	geckodriver::marionette	ERROR	Failed to stop browser process
1529992405987	geckodriver	INFO	geckodriver 0.20.0
1529992405993	geckodriver	INFO	Listening on 127.0.0.1:43403
1529992407004	mozrunner::runner	INFO	Running command: "/usr/bin/firefox" "-marionette" "-profile" "/tmp/rust_mozprofile.dArhgWaSz15u"
1529992411810	Marionette	INFO	Listening on port 46249
1529992411830	Marionette	WARN	TLS certificate errors will be ignored for this session
*** UTM:SVC TimerManager:registerTimer called after profile-before-change notification. Ignoring timer registration for id: telemetry_modules_ping
1529992418506	geckodriver::marionette	ERROR	Failed to stop browser process
1529992437714	geckodriver	INFO	geckodriver 0.20.0
1529992437720	geckodriver	INFO	Listening on 127.0.0.1:47048
1529992438732	mozrunner::runner	INFO	Running command: "/usr/bin/firefox" "-marionette" "-profile" "/tmp/rust_mozprofile.2DFCzVN9vh4b"
1529992443785	Marionette	INFO	Listening on port 37218
1529992443870	Marionette	WARN	TLS certificate errors will be ignored for this session
*** UTM:SVC TimerManager:registerTimer called after profile-before-change notification. Ignoring timer registration for id: telemetry_modules_ping
1529992450919	geckodriver::marionette	ERROR	Failed to stop browser process
1529992729738	geckodriver	INFO	geckodriver 0.20.0
1529992729744	geckodriver	INFO	Listening on 127.0.0.1:41632
1529992730756	mozrunner::runner	INFO	Running command: "/usr/bin/firefox" "-marionette" "-profile" "/tmp/rust_mozprofile.BYtrfl8JpRkR"
1529992736071	Marionette	INFO	Listening on port 42881
1529992736089	Marionette	WARN	TLS certificate errors will be ignored for this session
1529992736442	addons.xpi	WARN	Exception running bootstrap method shutdown on activity-stream@mozilla.org: [Exception... "Component returned failure code: 0x80004005 (NS_ERROR_FAILURE) [nsIObserverService.removeObserver]"  nsresult: "0x80004005 (NS_ERROR_FAILURE)"  location: "JS frame :: resource://activity-stream/lib/SnippetsFeed.jsm :: uninit :: line 185"  data: no] Stack trace: uninit()@resource://activity-stream/lib/SnippetsFeed.jsm:185
onAction()@resource://activity-stream/lib/SnippetsFeed.jsm:201
_middleware/</<()@resource://activity-stream/lib/Store.jsm:49
Store/this[method]()@resource://activity-stream/lib/Store.jsm:28
uninit()@resource://activity-stream/lib/Store.jsm:151
uninit()@resource://activity-stream/lib/ActivityStream.jsm:300
uninit()@resource://gre/modules/addons/XPIProvider.jsm -> jar:file:///usr/lib/firefox/browser/features/activity-stream@mozilla.org.xpi!/bootstrap.js:73
shutdown()@resource://gre/modules/addons/XPIProvider.jsm -> jar:file:///usr/lib/firefox/browser/features/activity-stream@mozilla.org.xpi!/bootstrap.js:169
callBootstrapMethod()@resource://gre/modules/addons/XPIProvider.jsm:4436
observe()@resource://gre/modules/addons/XPIProvider.jsm:2287
GeckoDriver.prototype.quit()@driver.js:3300
despatch()@server.js:293
execute()@server.js:267
onPacket/<()@server.js:242
onPacket()@server.js:241
_onJSONObjectReady/<()@transport.js:500
*** UTM:SVC TimerManager:registerTimer called after profile-before-change notification. Ignoring timer registration for id: telemetry_modules_ping
1529992739443	geckodriver::marionette	ERROR	Failed to stop browser process
1529992761893	geckodriver	INFO	geckodriver 0.20.0
1529992761899	geckodriver	INFO	Listening on 127.0.0.1:49776
1529992762908	mozrunner::runner	INFO	Running command: "/usr/bin/firefox" "-marionette" "-profile" "/tmp/rust_mozprofile.1bLQId1YcF6I"
1529992768275	Marionette	INFO	Listening on port 42310
1529992768332	Marionette	WARN	TLS certificate errors will be ignored for this session
*** UTM:SVC TimerManager:registerTimer called after profile-before-change notification. Ignoring timer registration for id: telemetry_modules_ping
1529992775492	geckodriver::marionette	ERROR	Failed to stop browser process
1529992934351	geckodriver	INFO	geckodriver 0.20.0
1529992934359	geckodriver	INFO	Listening on 127.0.0.1:33462
1529992935367	mozrunner::runner	INFO	Running command: "/usr/bin/firefox" "-marionette" "-profile" "/tmp/rust_mozprofile.DDgOma1mN5Ov"
1529992940169	Marionette	INFO	Listening on port 35164
1529992940205	Marionette	WARN	TLS certificate errors will be ignored for this session
*** UTM:SVC TimerManager:registerTimer called after profile-before-change notification. Ignoring timer registration for id: telemetry_modules_ping
1529992947038	geckodriver::marionette	ERROR	Failed to stop browser process
