\BOOKMARK [0][-]{chapter.1}{\376\377\000I\000n\000d\000i\000c\000e\000s\000\040\000a\000n\000d\000\040\000t\000a\000b\000l\000e\000s}{}% 1
\BOOKMARK [0][-]{chapter.2}{\376\377\000C\000o\000n\000t\000e\000n\000t\000s\000:}{}% 2
\BOOKMARK [1][-]{section.2.1}{\376\377\000V\000i\000e\000w\000s\000\040\000A\000p\000l\000i\000c\000a\000c\000i\000o\000n\000\040\000d\000e\000\040\000R\000e\000s\000e\000r\000v\000a}{chapter.2}% 3
\BOOKMARK [1][-]{section.2.2}{\376\377\000M\000o\000d\000u\000l\000e\000s\000\040\000A\000p\000l\000i\000c\000a\000c\000i\000o\000n\000\040\000d\000e\000\040\000R\000e\000s\000e\000r\000v\000a}{chapter.2}% 4
\BOOKMARK [1][-]{section.2.3}{\376\377\000F\000o\000r\000m\000s\000\040\000A\000p\000l\000i\000c\000a\000c\000i\000o\000n\000\040\000d\000e\000\040\000R\000e\000s\000e\000r\000v\000a}{chapter.2}% 5
\BOOKMARK [1][-]{section.2.4}{\376\377\000V\000i\000e\000w\000s\000\040\000A\000p\000l\000i\000c\000a\000c\000i\000o\000n\000\040\000d\000e\000\040\000C\000o\000n\000s\000u\000l\000t\000a}{chapter.2}% 6
\BOOKMARK [1][-]{section.2.5}{\376\377\000M\000o\000d\000u\000l\000e\000s\000\040\000A\000p\000l\000i\000c\000a\000c\000i\000o\000n\000\040\000d\000e\000\040\000C\000o\000n\000s\000u\000l\000t\000a}{chapter.2}% 7
\BOOKMARK [1][-]{section.2.6}{\376\377\000V\000i\000e\000w\000s\000\040\000A\000p\000l\000i\000c\000a\000c\000i\000o\000n\000\040\000d\000e\000\040\000L\000i\000b\000r\000o}{chapter.2}% 8
\BOOKMARK [1][-]{section.2.7}{\376\377\000M\000o\000d\000u\000l\000e\000s\000\040\000A\000p\000l\000i\000c\000a\000c\000i\000o\000n\000\040\000d\000e\000\040\000L\000i\000b\000r\000o}{chapter.2}% 9
\BOOKMARK [1][-]{section.2.8}{\376\377\000F\000o\000r\000m\000s\000\040\000A\000p\000l\000i\000c\000a\000c\000i\000o\000n\000\040\000d\000e\000\040\000L\000i\000b\000r\000o}{chapter.2}% 10
\BOOKMARK [1][-]{section.2.9}{\376\377\000V\000i\000e\000w\000s\000\040\000A\000p\000l\000i\000c\000a\000c\000i\000o\000n\000\040\000d\000e\000\040\000P\000r\000e\000s\000t\000a\000m\000o}{chapter.2}% 11
\BOOKMARK [1][-]{section.2.10}{\376\377\000M\000o\000d\000u\000l\000e\000s\000\040\000A\000p\000l\000i\000c\000a\000c\000i\000o\000n\000\040\000d\000e\000\040\000P\000r\000e\000s\000t\000a\000m\000o}{chapter.2}% 12
\BOOKMARK [1][-]{section.2.11}{\376\377\000V\000i\000e\000w\000s\000\040\000A\000p\000l\000i\000c\000a\000c\000i\000o\000n\000\040\000d\000e\000\040\000R\000e\000v\000i\000s\000t\000a}{chapter.2}% 13
\BOOKMARK [1][-]{section.2.12}{\376\377\000M\000o\000d\000u\000l\000e\000s\000\040\000A\000p\000l\000i\000c\000a\000c\000i\000o\000n\000\040\000d\000e\000\040\000R\000e\000v\000i\000s\000t\000a}{chapter.2}% 14
\BOOKMARK [1][-]{section.2.13}{\376\377\000F\000o\000r\000m\000s\000\040\000A\000p\000l\000i\000c\000a\000c\000i\000o\000n\000\040\000d\000e\000\040\000R\000e\000v\000i\000s\000t\000a}{chapter.2}% 15
\BOOKMARK [1][-]{section.2.14}{\376\377\000V\000i\000e\000w\000s\000\040\000A\000p\000l\000i\000c\000a\000c\000i\000o\000n\000\040\000d\000e\000\040\000T\000e\000s\000i\000s}{chapter.2}% 16
\BOOKMARK [1][-]{section.2.15}{\376\377\000M\000o\000d\000u\000l\000e\000s\000\040\000A\000p\000l\000i\000c\000a\000c\000i\000o\000n\000\040\000d\000e\000\040\000T\000e\000s\000i\000s}{chapter.2}% 17
\BOOKMARK [1][-]{section.2.16}{\376\377\000F\000o\000r\000m\000s\000\040\000A\000p\000l\000i\000c\000a\000c\000i\000o\000n\000\040\000d\000e\000\040\000T\000e\000s\000i\000s}{chapter.2}% 18
\BOOKMARK [1][-]{section.2.17}{\376\377\000V\000i\000e\000w\000s\000\040\000A\000p\000l\000i\000c\000a\000c\000i\000o\000n\000\040\000d\000e\000\040\000U\000s\000u\000a\000r\000i\000o}{chapter.2}% 19
\BOOKMARK [1][-]{section.2.18}{\376\377\000M\000o\000d\000u\000l\000e\000s\000\040\000A\000p\000l\000i\000c\000a\000c\000i\000o\000n\000\040\000d\000e\000\040\000U\000s\000u\000a\000r\000i\000o\000s}{chapter.2}% 20
\BOOKMARK [1][-]{section.2.19}{\376\377\000F\000o\000r\000m\000s\000\040\000A\000p\000l\000i\000c\000a\000c\000i\000o\000n\000\040\000d\000e\000\040\000U\000s\000u\000a\000r\000i\000o\000s}{chapter.2}% 21
\BOOKMARK [0][-]{section*.92}{\376\377\000\315\000n\000d\000i\000c\000e\000\040\000d\000e\000\040\000M\000\363\000d\000u\000l\000o\000s\000\040\000P\000y\000t\000h\000o\000n}{}% 22
\BOOKMARK [0][-]{section*.93}{\376\377\000\315\000n\000d\000i\000c\000e}{}% 23
